C51 COMPILER V9.54   DEVICECONTROLLER                                                      03/16/2016 16:54:06 PAGE 1   


C51 COMPILER V9.54, COMPILATION OF MODULE DEVICECONTROLLER
OBJECT MODULE PLACED IN DeviceController.OBJ
COMPILER INVOKED BY: D:\Keil_v5\C51\BIN\C51.EXE DeviceController.c OPTIMIZE(8,SPEED) BROWSE DEBUG OBJECTEXTEND TABS(2)

line level    source

   1          #include "DeviceController.h"
   2          #include "PinDefine.h"
   3          #include "UART.h"
   4          
   5          void enableLCChannel(char channelCode) {
   6   1        // Switch off all LCR channel first.
   7   1        IO_vResetPin(LC_CHANNEL_1);
   8   1        IO_vResetPin(LC_CHANNEL_2);
   9   1        IO_vResetPin(LC_CHANNEL_3);
  10   1        
  11   1        // Enable coressponding LCR channel GPIO
  12   1        switch(channelCode) {
  13   2          case '0':
  14   2            sendUART("#b#0#\r\n");
  15   2            break;
  16   2          case '1':
  17   2            IO_vSetPin(LC_CHANNEL_1);
  18   2            sendUART("#b#1#\r\n");
  19   2            break;
  20   2          case '2':
  21   2            IO_vSetPin(LC_CHANNEL_2);
  22   2            sendUART("#b#2#\r\n");    
  23   2            break;
  24   2          case '3':
  25   2            IO_vSetPin(LC_CHANNEL_3);
  26   2            sendUART("#b#3#\r\n");
  27   2            break;
  28   2          default:
  29   2            sendUART("Unknown LC Channel.\r\n");      
  30   2            break;
  31   2        }
  32   1      }
  33          
  34          void enableLCRChannel(char channelCode) {
  35   1        // Switch off all LCR channel first.
  36   1        IO_vResetPin(LCR_CHANNEL_1);
  37   1        IO_vResetPin(LCR_CHANNEL_2);
  38   1        IO_vResetPin(LCR_CHANNEL_3);
  39   1        
  40   1        // Enable coressponding LCR channel GPIO
  41   1        switch(channelCode) {
  42   2          case '0':
  43   2            sendUART("#a#0#\r\n");
  44   2            break;
  45   2          case '1':
  46   2            IO_vSetPin(LCR_CHANNEL_1);
  47   2            sendUART("#a#1#\r\n");
  48   2            break;
  49   2          case '2':
  50   2            IO_vSetPin(LCR_CHANNEL_2);
  51   2            sendUART("#a#2#\r\n");    
  52   2            break;
  53   2          case '3':
  54   2            IO_vSetPin(LCR_CHANNEL_3);
  55   2            sendUART("#a#3#\r\n");
C51 COMPILER V9.54   DEVICECONTROLLER                                                      03/16/2016 16:54:06 PAGE 2   

  56   2            break;
  57   2          default:
  58   2            sendUART("Unknown LCR Channel.\r\n");     
  59   2            break;
  60   2        }
  61   1      }
  62          
  63          bool isAllHVRelayOK() {
  64   1        #ifdef STARTER_KIT_EMU
  65   1          return IO_ubReadPin(HV_READY_1);
  66   1        #else
                  return 
                    IO_ubReadPin(HV_READY_1) &&
                    IO_ubReadPin(HV_READY_2) &&
                    IO_ubReadPin(HV_READY_3) &&
                    IO_ubReadPin(HV_FAULT_1) &&
                    IO_ubReadPin(HV_FAULT_2) &&
                    IO_ubReadPin(HV_FAULT_3);
                #endif
  75   1      }
  76          
  77          void sendHVRelayStatus() {
  78   1        if (isAllHVRelayOK()) {
  79   2          sendUART("HV_OK\r\n");
  80   2        } else {
  81   2          sendUART("HV_NG\r\n");    
  82   2        }
  83   1      }
  84          
  85          void setChargeMode(char modeCode) {
  86   1        if (modeCode == '1') {
  87   2          if (!isAllHVRelayOK()) {
  88   3            IO_vResetPin(HV_CHANNEL);     
  89   3            IO_vResetPin(CHARGE_CHANNEL);
  90   3            IO_vResetPin(DISCHARGE_CHANNEL);
  91   3            sendUART("HV_NG\r\n");
  92   3            return;
  93   3          }
  94   2          IO_vResetPin(DISCHARGE_CHANNEL);
  95   2          IO_vSetPin(HV_CHANNEL);
  96   2          IO_vSetPin(CHARGE_CHANNEL);
  97   2          sendUART("#c#1#\r\n");
  98   2        } else if (modeCode == '0') {
  99   2          IO_vResetPin(CHARGE_CHANNEL);
 100   2          IO_vResetPin(HV_CHANNEL);
 101   2          IO_vSetPin(DISCHARGE_CHANNEL);
 102   2          sendUART("#c#0#\r\n");
 103   2        } else {
 104   2          sendUART("Unknown Charge Mode\r\n");    
 105   2        }
 106   1      }


MODULE INFORMATION:   STATIC OVERLAYABLE
   CODE SIZE        =    232    ----
   CONSTANT SIZE    =    163    ----
   XDATA SIZE       =   ----    ----
   PDATA SIZE       =   ----    ----
   DATA SIZE        =   ----       1
   IDATA SIZE       =   ----    ----
   BIT SIZE         =   ----    ----
END OF MODULE INFORMATION.

C51 COMPILER V9.54   DEVICECONTROLLER                                                      03/16/2016 16:54:06 PAGE 3   


C51 COMPILATION COMPLETE.  0 WARNING(S),  0 ERROR(S)
