C51 COMPILER V9.54   IO                                                                    03/16/2016 12:24:09 PAGE 1   


C51 COMPILER V9.54, COMPILATION OF MODULE IO
OBJECT MODULE PLACED IN IO.OBJ
COMPILER INVOKED BY: D:\Keil_v5\C51\BIN\C51.EXE IO.C OPTIMIZE(8,SPEED) BROWSE DEBUG OBJECTEXTEND TABS(2)

line level    source

   1          //****************************************************************************
   2          // @Module        GPIO
   3          // @Filename      IO.C
   4          // @Project       TestBoard.dav
   5          //----------------------------------------------------------------------------
   6          // @Controller    Infineon XC888CLM-8FF
   7          //
   8          // @Compiler      Keil
   9          //
  10          // @Codegenerator 1.7
  11          //
  12          // @Description:  This file contains functions that use the IO module.
  13          //
  14          //----------------------------------------------------------------------------
  15          // @Date          2016/3/15 16:17:36
  16          //
  17          //****************************************************************************
  18          
  19          // USER CODE BEGIN (IO_General,1)
  20          
  21          // USER CODE END
  22          
  23          
  24          
  25          //****************************************************************************
  26          // @Project Includes
  27          //****************************************************************************
  28          
  29          #include "MAIN.H"
  30          
  31          // USER CODE BEGIN (IO_General,2)
  32          
  33          // USER CODE END
  34          
  35          
  36          //****************************************************************************
  37          // @Macros
  38          //****************************************************************************
  39          
  40          // USER CODE BEGIN (IO_General,3)
  41          
  42          // USER CODE END
  43          
  44          
  45          //****************************************************************************
  46          // @Defines
  47          //****************************************************************************
  48          
  49          // USER CODE BEGIN (IO_General,4)
  50          
  51          // USER CODE END
  52          
  53          
  54          //****************************************************************************
  55          // @Typedefs
C51 COMPILER V9.54   IO                                                                    03/16/2016 12:24:09 PAGE 2   

  56          //****************************************************************************
  57          
  58          // USER CODE BEGIN (IO_General,5)
  59          
  60          // USER CODE END
  61          
  62          
  63          //****************************************************************************
  64          // @Imported Global Variables
  65          //****************************************************************************
  66          
  67          // USER CODE BEGIN (IO_General,6)
  68          
  69          // USER CODE END
  70          
  71          
  72          //****************************************************************************
  73          // @Global Variables
  74          //****************************************************************************
  75          
  76          // USER CODE BEGIN (IO_General,7)
  77          
  78          // USER CODE END
  79          
  80          
  81          //****************************************************************************
  82          // @External Prototypes
  83          //****************************************************************************
  84          
  85          // USER CODE BEGIN (IO_General,8)
  86          
  87          // USER CODE END
  88          
  89          
  90          //****************************************************************************
  91          // @Prototypes Of Local Functions
  92          //****************************************************************************
  93          
  94          // USER CODE BEGIN (IO_General,9)
  95          
  96          // USER CODE END
  97          
  98          
  99          //****************************************************************************
 100          // @Function      void IO_vInit(void) 
 101          //
 102          //----------------------------------------------------------------------------
 103          // @Description   This is the initialization function of the IO function 
 104          //                library. It is assumed that the SFRs used by this library 
 105          //                are in their reset state. 
 106          //
 107          //----------------------------------------------------------------------------
 108          // @Returnvalue   None
 109          //
 110          //----------------------------------------------------------------------------
 111          // @Parameters    None
 112          //
 113          //----------------------------------------------------------------------------
 114          // @Date          2016/3/15
 115          //
 116          //****************************************************************************
 117          
C51 COMPILER V9.54   IO                                                                    03/16/2016 12:24:09 PAGE 3   

 118          // USER CODE BEGIN (IO_Init,1)
 119          
 120          // USER CODE END
 121          
 122          void IO_vInit(void)
 123          {
 124   1        // USER CODE BEGIN (IO_Init,2)
 125   1      
 126   1        // USER CODE END
 127   1      
 128   1      
 129   1        ///  ***********************************************************************
 130   1        ///  Note : All peripheral related IO configurations are done in the 
 131   1        ///  respective peripheral modules (alternate functions selection)
 132   1        ///  
 133   1        ///  If no pins are selected DAvE assumes that registers are in default 
 134   1        ///  settings
 135   1        ///  ***********************************************************************
 136   1      
 137   1        ///  -----------------------------------------------------------------------
 138   1        ///  Configuration of Port P0:
 139   1        ///  -----------------------------------------------------------------------
 140   1        ///  P0.1:
 141   1        ///  - is used as alternate input for the UART Receive Input
 142   1        ///  - pull device is disabled (tristate) 
 143   1        ///  P0.2:
 144   1        ///  - is used as alternate output for the UART Transmit Output
 145   1        ///  - push/pull output is selected
 146   1        ///  - pull-up device is assigned
 147   1      
 148   1      
 149   1        ///  -----------------------------------------------------------------------
 150   1        ///  Configuration of Port P1:
 151   1        ///  -----------------------------------------------------------------------
 152   1        ///  P1.0:
 153   1        ///  - is used as general purpose output
 154   1        ///  - push/pull output is selected
 155   1        ///  - the pin status is high level
 156   1        ///  - pull-up device is assigned
 157   1      
 158   1      
 159   1        P1_DIR        =  0x01;         // load direction register
 160   1        P1_DATA       =  0x01;         // load data output register
 161   1      
 162   1        ///  -----------------------------------------------------------------------
 163   1        ///  Configuration of Port P2:
 164   1        ///  -----------------------------------------------------------------------
 165   1        ///  - no pin of port P2 is used
 166   1      
 167   1      
 168   1        ///  -----------------------------------------------------------------------
 169   1        ///  Configuration of Port P3:
 170   1        ///  -----------------------------------------------------------------------
 171   1        ///  - no pin of port P3 is used
 172   1        P3_DIR        = 0xFF;
 173   1        P3_DATA       = 0x00;
 174   1      
 175   1      
 176   1        ///  -----------------------------------------------------------------------
 177   1        ///  Configuration of Port P4:
 178   1        ///  -----------------------------------------------------------------------
 179   1        ///  - no pin of port P4 is used
C51 COMPILER V9.54   IO                                                                    03/16/2016 12:24:09 PAGE 4   

 180   1        IO_vSetInput(P4, 0x10);
 181   1      
 182   1      
 183   1        ///  -----------------------------------------------------------------------
 184   1        ///  Configuration of Port P5:
 185   1        ///  -----------------------------------------------------------------------
 186   1        ///  - no pin of port P5 is used
 187   1      
 188   1      
 189   1      
 190   1        // USER CODE BEGIN (IO_Init,3)
 191   1      
 192   1        // USER CODE END
 193   1      
 194   1      } //  End of function IO_vInit
 195          
 196          
 197          
 198          
 199          // USER CODE BEGIN (IO_General,10)
 200          
 201          // USER CODE END
 202          


MODULE INFORMATION:   STATIC OVERLAYABLE
   CODE SIZE        =     35    ----
   CONSTANT SIZE    =   ----    ----
   XDATA SIZE       =   ----    ----
   PDATA SIZE       =   ----    ----
   DATA SIZE        =   ----       1
   IDATA SIZE       =   ----    ----
   BIT SIZE         =   ----    ----
END OF MODULE INFORMATION.


C51 COMPILATION COMPLETE.  0 WARNING(S),  0 ERROR(S)
